[ERR!] cwd  : /Users/MasonV/Documents/projectwe
[ERR!] os   : Darwin 15.3.0
[ERR!] argv : "/usr/local/Cellar/node/5.3.0/bin/node" "/usr/local/bin/tsd" "install" "passport" "passport-local" "--save"
[ERR!] node : v5.3.0
[ERR!] tsd  : 0.6.5
[ERR!] Error: {
  "version": "v4",
  "repo": "borisyankov/DefinitelyTyped",
  "ref": "master",
  "path": "typings",
  "bundle": "typings/tsd.d.ts",
  "installed": {
    "serve-static/serve-static.d.ts": {
      "commit": "e5b11858676f54051a890ca63f9c06ab6f515251"
    },
    "mime/mime.d.ts": {
      "commit": "e5b11858676f54051a890ca63f9c06ab6f515251"
    },
    "express/express.d.ts": {
      "commit": "e5b11858676f54051a890ca63f9c06ab6f515251"
    },
    "mongoose/mongoose.d.ts": {
      "commit": "717a5fdb079f8dd7c19f1b22f7f656dd990f0ccf"
    },
    "node/node.d.ts": {},
    "angularjs/angular.d.ts": {
      "commit": "717a5fdb079f8dd7c19f1b22f7f656dd990f0ccf"
    },
    "jquery/jquery.d.ts": {
      "commit": "717a5fdb079f8dd7c19f1b22f7f656dd990f0ccf"
    },
    "angularjs/angular-resource.d.ts": {
      "commit": "984a41af67d76b5134e0d4991a30f813dfb8561f"
    },
    "angularjs/angular-route.d.ts": {
      "commit": "717a5fdb079f8dd7c19f1b22f7f656dd990f0ccf"
    },
    "body-parser/body-parser.d.ts": {
      "commit": "717a5fdb079f8dd7c19f1b22f7f656dd990f0ccf"
    },
    "cookie-parser/cookie-parser.d.ts": {
      "commit": "f85b83dbbffbc0d490b232b34f0664b424e8ce33"
    },
    "morgan/morgan.d.ts": {
      "commit": "f85b83dbbffbc0d490b232b34f0664b424e8ce33"
    },
    "serve-favicon/serve-favicon.d.ts": {
      "commit": "f85b83dbbffbc0d490b232b34f0664b424e8ce33"
    },
    "express-unless/express-unless.d.ts": {
      "commit": "e5b11858676f54051a890ca63f9c06ab6f515251"
    },
    "express-jwt/express-jwt.d.ts": {
      "commit": "e5b11858676f54051a890ca63f9c06ab6f515251"
    },
    "jsonwebtoken/jsonwebtoken.d.ts": {
      "commit": "e5b11858676f54051a890ca63f9c06ab6f515251"
    },
    "passport-local/passport-local.d.ts": {
      "commit": "e5b11858676f54051a890ca63f9c06ab6f515251"
    },
    "passport/passport.d.ts": {
      "commit": "e5b11858676f54051a890ca63f9c06ab6f515251"
    }
  }
}
[31m
[1] commit is required[0m
[ERR!] CODE : undefined
[ERR!] {
  "version": "v4",
  "repo": "borisyankov/DefinitelyTyped",
  "ref": "master",
  "path": "typings",
  "bundle": "typings/tsd.d.ts",
  "installed": {
    "serve-static/serve-static.d.ts": {
      "commit": "e5b11858676f54051a890ca63f9c06ab6f515251"
    },
    "mime/mime.d.ts": {
      "commit": "e5b11858676f54051a890ca63f9c06ab6f515251"
    },
    "express/express.d.ts": {
      "commit": "e5b11858676f54051a890ca63f9c06ab6f515251"
    },
    "mongoose/mongoose.d.ts": {
      "commit": "717a5fdb079f8dd7c19f1b22f7f656dd990f0ccf"
    },
    "node/node.d.ts": {},
    "angularjs/angular.d.ts": {
      "commit": "717a5fdb079f8dd7c19f1b22f7f656dd990f0ccf"
    },
    "jquery/jquery.d.ts": {
      "commit": "717a5fdb079f8dd7c19f1b22f7f656dd990f0ccf"
    },
    "angularjs/angular-resource.d.ts": {
      "commit": "984a41af67d76b5134e0d4991a30f813dfb8561f"
    },
    "angularjs/angular-route.d.ts": {
      "commit": "717a5fdb079f8dd7c19f1b22f7f656dd990f0ccf"
    },
    "body-parser/body-parser.d.ts": {
      "commit": "717a5fdb079f8dd7c19f1b22f7f656dd990f0ccf"
    },
    "cookie-parser/cookie-parser.d.ts": {
      "commit": "f85b83dbbffbc0d490b232b34f0664b424e8ce33"
    },
    "morgan/morgan.d.ts": {
      "commit": "f85b83dbbffbc0d490b232b34f0664b424e8ce33"
    },
    "serve-favicon/serve-favicon.d.ts": {
      "commit": "f85b83dbbffbc0d490b232b34f0664b424e8ce33"
    },
    "express-unless/express-unless.d.ts": {
      "commit": "e5b11858676f54051a890ca63f9c06ab6f515251"
    },
    "express-jwt/express-jwt.d.ts": {
      "commit": "e5b11858676f54051a890ca63f9c06ab6f515251"
    },
    "jsonwebtoken/jsonwebtoken.d.ts": {
      "commit": "e5b11858676f54051a890ca63f9c06ab6f515251"
    },
    "passport-local/passport-local.d.ts": {
      "commit": "e5b11858676f54051a890ca63f9c06ab6f515251"
    },
    "passport/passport.d.ts": {
      "commit": "e5b11858676f54051a890ca63f9c06ab6f515251"
    }
  }
}
[31m
[1] commit is required[0m
[ERR!] If you need help, you may report this error at:
    https://github.com/DefinitelyTyped/tsd/issues

[ERR!] 
Error: {
  "version": "v4",
  "repo": "borisyankov/DefinitelyTyped",
  "ref": "master",
  "path": "typings",
  "bundle": "typings/tsd.d.ts",
  "installed": {
    "serve-static/serve-static.d.ts": {
      "commit": "e5b11858676f54051a890ca63f9c06ab6f515251"
    },
    "mime/mime.d.ts": {
      "commit": "e5b11858676f54051a890ca63f9c06ab6f515251"
    },
    "express/express.d.ts": {
      "commit": "e5b11858676f54051a890ca63f9c06ab6f515251"
    },
    "mongoose/mongoose.d.ts": {
      "commit": "717a5fdb079f8dd7c19f1b22f7f656dd990f0ccf"
    },
    "node/node.d.ts": {},
    "angularjs/angular.d.ts": {
      "commit": "717a5fdb079f8dd7c19f1b22f7f656dd990f0ccf"
    },
    "jquery/jquery.d.ts": {
      "commit": "717a5fdb079f8dd7c19f1b22f7f656dd990f0ccf"
    },
    "angularjs/angular-resource.d.ts": {
      "commit": "984a41af67d76b5134e0d4991a30f813dfb8561f"
    },
    "angularjs/angular-route.d.ts": {
      "commit": "717a5fdb079f8dd7c19f1b22f7f656dd990f0ccf"
    },
    "body-parser/body-parser.d.ts": {
      "commit": "717a5fdb079f8dd7c19f1b22f7f656dd990f0ccf"
    },
    "cookie-parser/cookie-parser.d.ts": {
      "commit": "f85b83dbbffbc0d490b232b34f0664b424e8ce33"
    },
    "morgan/morgan.d.ts": {
      "commit": "f85b83dbbffbc0d490b232b34f0664b424e8ce33"
    },
    "serve-favicon/serve-favicon.d.ts": {
      "commit": "f85b83dbbffbc0d490b232b34f0664b424e8ce33"
    },
    "express-unless/express-unless.d.ts": {
      "commit": "e5b11858676f54051a890ca63f9c06ab6f515251"
    },
    "express-jwt/express-jwt.d.ts": {
      "commit": "e5b11858676f54051a890ca63f9c06ab6f515251"
    },
    "jsonwebtoken/jsonwebtoken.d.ts": {
      "commit": "e5b11858676f54051a890ca63f9c06ab6f515251"
    },
    "passport-local/passport-local.d.ts": {
      "commit": "e5b11858676f54051a890ca63f9c06ab6f515251"
    },
    "passport/passport.d.ts": {
      "commit": "e5b11858676f54051a890ca63f9c06ab6f515251"
    }
  }
}
[31m
[1] commit is required[0m
    at root.assert (/usr/local/lib/node_modules/tsd/node_modules/joi/lib/index.js:121:19)
    at Config.validateJSON (/usr/local/lib/node_modules/tsd/build/tsd/context/Config.js:156:13)
    at Config.parseJSON (/usr/local/lib/node_modules/tsd/build/tsd/context/Config.js:131:14)
    at Config.parseJSONString (/usr/local/lib/node_modules/tsd/build/tsd/context/Config.js:125:14)
    at /usr/local/lib/node_modules/tsd/build/tsd/logic/ConfigIO.js:44:43
    at tryCatch1 (/usr/local/lib/node_modules/tsd/node_modules/bluebird/js/main/util.js:63:19)
    at Promise$_callHandler [as _callHandler] (/usr/local/lib/node_modules/tsd/node_modules/bluebird/js/main/promise.js:695:13)
    at Promise$_settlePromiseFromHandler [as _settlePromiseFromHandler] (/usr/local/lib/node_modules/tsd/node_modules/bluebird/js/main/promise.js:711:18)
    at Promise$_settlePromiseAt [as _settlePromiseAt] (/usr/local/lib/node_modules/tsd/node_modules/bluebird/js/main/promise.js:868:14)
    at Promise$_settlePromises [as _settlePromises] (/usr/local/lib/node_modules/tsd/node_modules/bluebird/js/main/promise.js:1006:14)

[ERR!] tsd.json: {"version":"v4","repo":"borisyankov/DefinitelyTyped","ref":"master","path":"typings","bundle":"typings/tsd.d.ts","installed":{"serve-static/serve-static.d.ts":{"commit":"e5b11858676f54051a890ca63f9c06ab6f515251"},"mime/mime.d.ts":{"commit":"e5b11858676f54051a890ca63f9c06ab6f515251"},"express/express.d.ts":{"commit":"e5b11858676f54051a890ca63f9c06ab6f515251"},"mongoose/mongoose.d.ts":{"commit":"717a5fdb079f8dd7c19f1b22f7f656dd990f0ccf"},"node/node.d.ts":{},"angularjs/angular.d.ts":{"commit":"717a5fdb079f8dd7c19f1b22f7f656dd990f0ccf"},"jquery/jquery.d.ts":{"commit":"717a5fdb079f8dd7c19f1b22f7f656dd990f0ccf"},"angularjs/angular-resource.d.ts":{"commit":"984a41af67d76b5134e0d4991a30f813dfb8561f"},"angularjs/angular-route.d.ts":{"commit":"717a5fdb079f8dd7c19f1b22f7f656dd990f0ccf"},"body-parser/body-parser.d.ts":{"commit":"717a5fdb079f8dd7c19f1b22f7f656dd990f0ccf"},"cookie-parser/cookie-parser.d.ts":{"commit":"f85b83dbbffbc0d490b232b34f0664b424e8ce33"},"morgan/morgan.d.ts":{"commit":"f85b83dbbffbc0d490b232b34f0664b424e8ce33"},"serve-favicon/serve-favicon.d.ts":{"commit":"f85b83dbbffbc0d490b232b34f0664b424e8ce33"},"express-unless/express-unless.d.ts":{"commit":"e5b11858676f54051a890ca63f9c06ab6f515251"},"express-jwt/express-jwt.d.ts":{"commit":"e5b11858676f54051a890ca63f9c06ab6f515251"},"jsonwebtoken/jsonwebtoken.d.ts":{"commit":"e5b11858676f54051a890ca63f9c06ab6f515251"},"passport-local/passport-local.d.ts":{"commit":"e5b11858676f54051a890ca63f9c06ab6f515251"},"passport/passport.d.ts":{"commit":"e5b11858676f54051a890ca63f9c06ab6f515251"}}}

[ERR!] .tsdrc could not be retrieved

[ERR!] Please include the following file with any support request:
    /Users/MasonV/Documents/projectwe/tsd-debug.log

